<?xml version="1.0" encoding="UTF-8"?>
<testsuite name="com.example.TestingCICD.PenjumlahantTest" tests="1" skipped="0" failures="0" errors="0" timestamp="2024-12-04T14:39:48" hostname="BRAMET" time="0.857">
  <properties/>
  <testcase name="testPenjumlahan()" classname="com.example.TestingCICD.PenjumlahantTest" time="0.857"/>
  <system-out><![CDATA[21:39:46.722 [Test worker] INFO org.springframework.test.context.support.AnnotationConfigContextLoaderUtils -- Could not detect default configuration classes for test class [com.example.TestingCICD.PenjumlahantTest]: PenjumlahantTest does not declare any static, non-private, non-final, nested classes annotated with @Configuration.
21:39:46.848 [Test worker] INFO org.springframework.boot.test.context.SpringBootTestContextBootstrapper -- Found @SpringBootConfiguration com.example.TestingCICD.TestingCicdApplication for test class com.example.TestingCICD.PenjumlahantTest

  .   ____          _            __ _ _
 /\\ / ___'_ __ _ _(_)_ __  __ _ \ \ \ \
( ( )\___ | '_ | '_| | '_ \/ _` | \ \ \ \
 \\/  ___)| |_)| | | | | || (_| |  ) ) ) )
  '  |____| .__|_| |_|_| |_\__, | / / / /
 =========|_|==============|___/=/_/_/_/

 :: Spring Boot ::                (v3.4.0)

2024-12-04T21:39:47.336+07:00  INFO 28140 --- [TestingCICD] [    Test worker] c.example.TestingCICD.PenjumlahantTest   : Starting PenjumlahantTest using Java 21.0.2 with PID 28140 (started by bramm in E:\RPL\testingCICD)
2024-12-04T21:39:47.338+07:00  INFO 28140 --- [TestingCICD] [    Test worker] c.example.TestingCICD.PenjumlahantTest   : No active profile set, falling back to 1 default profile: "default"
2024-12-04T21:39:48.654+07:00  INFO 28140 --- [TestingCICD] [    Test worker] c.example.TestingCICD.PenjumlahantTest   : Started PenjumlahantTest in 1.62 seconds (process running for 3.08)
]]></system-out>
  <system-err><![CDATA[Mockito is currently self-attaching to enable the inline-mock-maker. This will no longer work in future releases of the JDK. Please add Mockito as an agent to your build what is described in Mockito's documentation: https://javadoc.io/doc/org.mockito/mockito-core/latest/org/mockito/Mockito.html#0.3
WARNING: A Java agent has been loaded dynamically (C:\Users\bramm\.gradle\caches\modules-2\files-2.1\net.bytebuddy\byte-buddy-agent\1.15.10\e8eb255b2c378b9a6c7341e7b0e12f0a5636377\byte-buddy-agent-1.15.10.jar)
WARNING: If a serviceability tool is in use, please run with -XX:+EnableDynamicAgentLoading to hide this warning
WARNING: If a serviceability tool is not in use, please run with -Djdk.instrument.traceUsage for more information
WARNING: Dynamic loading of agents will be disallowed by default in a future release
]]></system-err>
</testsuite>
